
An unexpected exception has been detected in native code outside the VM.
Unexpected Signal : EXCEPTION_ACCESS_VIOLATION occurred at PC=0x6d0caa1e
Function name=Java_sun_awt_windows_WGraphics_createFromPrintJob
Library=D:\MATLAB6p5\sys\java\jre\win32\jre\bin\awt.dll

Current Java thread:

Dynamic libraries:
0x00400000 - 0x005FB000 	D:\MATLAB6p5\bin\win32\matlab.exe
0x7C920000 - 0x7C9B4000 	C:\WINDOWS\system32\ntdll.dll
0x7C800000 - 0x7C91C000 	C:\WINDOWS\system32\kernel32.dll
0x77D10000 - 0x77D9F000 	C:\WINDOWS\system32\USER32.dll
0x77EF0000 - 0x77F37000 	C:\WINDOWS\system32\GDI32.dll
0x76990000 - 0x76ACD000 	C:\WINDOWS\system32\ole32.dll
0x77DA0000 - 0x77E49000 	C:\WINDOWS\system32\ADVAPI32.dll
0x77E50000 - 0x77EE1000 	C:\WINDOWS\system32\RPCRT4.dll
0x77BE0000 - 0x77C38000 	C:\WINDOWS\system32\msvcrt.dll
0x77BD0000 - 0x77BD8000 	C:\WINDOWS\system32\VERSION.dll
0x7A000000 - 0x7A00D000 	D:\MATLAB6p5\bin\win32\mwoles05.dll
0x770F0000 - 0x7717C000 	C:\WINDOWS\system32\OLEAUT32.dll
0x7A710000 - 0x7A7D0000 	D:\MATLAB6p5\bin\win32\libut.dll
0x76C60000 - 0x76C88000 	C:\WINDOWS\system32\IMAGEHLP.dll
0x7B110000 - 0x7B138000 	D:\MATLAB6p5\bin\win32\libmx.dll
0x7AF70000 - 0x7AF77000 	D:\MATLAB6p5\bin\win32\libmex.dll
0x7AF80000 - 0x7AF93000 	D:\MATLAB6p5\bin\win32\libmwservices.dll
0x7A630000 - 0x7A644000 	D:\MATLAB6p5\bin\win32\mpath.dll
0x7A7D0000 - 0x7A895000 	D:\MATLAB6p5\bin\win32\m_interpreter.dll
0x7AFA0000 - 0x7AFA9000 	D:\MATLAB6p5\bin\win32\libmat.dll
0x7AAA0000 - 0x7AB2B000 	D:\MATLAB6p5\bin\win32\mlib.dll
0x7AA90000 - 0x7AA9E000 	D:\MATLAB6p5\bin\win32\m_pcodeio.dll
0x7AA10000 - 0x7AA73000 	D:\MATLAB6p5\bin\win32\m_ir.dll
0x7A8A0000 - 0x7AA0F000 	D:\MATLAB6p5\bin\win32\m_parser.dll
0x7AA80000 - 0x7AA8F000 	D:\MATLAB6p5\bin\win32\m_pcodegen.dll
0x7AFE0000 - 0x7AFE6000 	D:\MATLAB6p5\bin\win32\m_dispatcher.dll
0x7A010000 - 0x7A0E8000 	D:\MATLAB6p5\bin\win32\hg.dll
0x7A5E0000 - 0x7A62F000 	D:\MATLAB6p5\bin\win32\numerics.dll
0x7AB50000 - 0x7AB5F000 	D:\MATLAB6p5\bin\win32\libmwlapack.dll
0x7AB60000 - 0x7ABBC000 	D:\MATLAB6p5\bin\win32\libmwfftw.dll
0x7AFB0000 - 0x7AFDB000 	D:\MATLAB6p5\bin\win32\libmwumfpack.dll
0x7A650000 - 0x7A6B2000 	D:\MATLAB6p5\bin\win32\udd.dll
0x7A4F0000 - 0x7A563000 	D:\MATLAB6p5\bin\win32\uiw.dll
0x72F70000 - 0x72F96000 	C:\WINDOWS\system32\WINSPOOL.DRV
0x76320000 - 0x76367000 	C:\WINDOWS\system32\comdlg32.dll
0x77F40000 - 0x77FB6000 	C:\WINDOWS\system32\SHLWAPI.dll
0x5D170000 - 0x5D207000 	C:\WINDOWS\system32\COMCTL32.dll
0x7D590000 - 0x7DD82000 	C:\WINDOWS\system32\SHELL32.dll
0x7A570000 - 0x7A5D8000 	D:\MATLAB6p5\bin\win32\gui.dll
0x7A110000 - 0x7A4CD000 	D:\MATLAB6p5\bin\win32\simulink.dll
0x76300000 - 0x7631D000 	C:\WINDOWS\system32\IMM32.dll
0x7AFF0000 - 0x7B017000 	D:\MATLAB6p5\bin\win32\libmwbuiltins.dll
0x7B020000 - 0x7B075000 	D:\MATLAB6p5\bin\win32\cg_ir.dll
0x7B080000 - 0x7B0A2000 	D:\MATLAB6p5\bin\win32\libfixedpoint.dll
0x7B0B0000 - 0x7B0B8000 	D:\MATLAB6p5\bin\win32\glee.dll
0x7B0C0000 - 0x7B0E7000 	D:\MATLAB6p5\bin\win32\jmi.dll
0x7A0F0000 - 0x7A102000 	D:\MATLAB6p5\bin\win32\dastudio.dll
0x7A4D0000 - 0x7A4ED000 	D:\MATLAB6p5\bin\win32\hardcopy.dll
0x7AB30000 - 0x7AB4A000 	D:\MATLAB6p5\bin\win32\sl_solver.dll
0x79000000 - 0x790F2000 	D:\MATLAB6p5\bin\win32\MFC42.DLL
0x7B140000 - 0x7B155000 	D:\MATLAB6p5\bin\win32\mclcom.dll
0x7A6C0000 - 0x7A704000 	D:\MATLAB6p5\bin\win32\udd_mi.dll
0x7B0F0000 - 0x7B10B000 	D:\MATLAB6p5\bin\win32\comcli.dll
0x5FDD0000 - 0x5FE24000 	C:\WINDOWS\system32\NETAPI32.dll
0x62C20000 - 0x62C29000 	C:\WINDOWS\system32\LPK.DLL
0x73FA0000 - 0x7400B000 	C:\WINDOWS\system32\USP10.dll
0x10000000 - 0x100FE000 	D:\MATLAB6p5\bin\win32\atlas_P4.dll
0x7ABC0000 - 0x7AE26000 	D:\MATLAB6p5\bin\win32\lapack.dll
0x00390000 - 0x003FE000 	D:\MATLAB6p5\bin\win32\DFORRT.dll
0x77180000 - 0x77282000 	C:\WINDOWS\WinSxS\x86_Microsoft.Windows.Common-Controls_6595b64144ccf1df_6.0.2600.2180_x-ww_a84f1ff9\comctl32.dll
0x61BE0000 - 0x61BED000 	C:\WINDOWS\system32\MFC42LOC.DLL
0x5ADC0000 - 0x5ADF7000 	C:\WINDOWS\system32\uxtheme.dll
0x74680000 - 0x746CB000 	C:\WINDOWS\system32\MSCTF.dll
0x73640000 - 0x7366E000 	C:\WINDOWS\system32\msctfime.ime
0x6D420000 - 0x6D4EE000 	D:\MATLAB6p5\sys\java\jre\win32\jre\bin\hotspot\jvm.dll
0x76B10000 - 0x76B3A000 	C:\WINDOWS\system32\WINMM.dll
0x6D220000 - 0x6D227000 	D:\MATLAB6p5\sys\java\jre\win32\jre\bin\hpi.dll
0x6D3B0000 - 0x6D3BD000 	D:\MATLAB6p5\sys\java\jre\win32\jre\bin\verify.dll
0x6D250000 - 0x6D266000 	D:\MATLAB6p5\sys\java\jre\win32\jre\bin\java.dll
0x6D3C0000 - 0x6D3CD000 	D:\MATLAB6p5\sys\java\jre\win32\jre\bin\zip.dll
0x6D020000 - 0x6D128000 	D:\MATLAB6p5\sys\java\jre\win32\jre\bin\awt.dll
0x6D1E0000 - 0x6D21B000 	D:\MATLAB6p5\sys\java\jre\win32\jre\bin\fontmanager.dll
0x7AF50000 - 0x7AF64000 	D:\MATLAB6p5\bin\win32\nativejava.dll
0x7AF30000 - 0x7AF47000 	D:\MATLAB6p5\bin\win32\glren.dll
0x5EF10000 - 0x5EFDC000 	C:\WINDOWS\system32\OPENGL32.dll
0x68E20000 - 0x68E40000 	C:\WINDOWS\system32\GLU32.dll
0x736D0000 - 0x73719000 	C:\WINDOWS\system32\DDRAW.dll
0x73B30000 - 0x73B36000 	C:\WINDOWS\system32\DCIMAN32.dll
0x01EE0000 - 0x01EE5000 	D:\MATLAB6p5\toolbox\matlab\datatypes\cellfun.dll
0x01EF0000 - 0x01F0E000 	D:\MATLAB6p5\toolbox\matlab\iofun\private\png.dll
0x01F10000 - 0x01F18000 	E:\contourlet±ä»»\contourlet_toolbox\resampc.dll
0x73D00000 - 0x73D27000 	C:\WINDOWS\system32\CRTDLL.DLL
0x20000000 - 0x20549000 	C:\WINDOWS\system32\xpsp2res.dll
0x10200000 - 0x10294000 	D:\MATLAB6p5\toolbox\matlab\iofun\hdf.dll
0x10360000 - 0x10405000 	D:\MATLAB6p5\bin\win32\mwhd413m.dll
0x102A0000 - 0x102B6000 	D:\MATLAB6p5\bin\win32\mwhm413m.dll
0x71A40000 - 0x71A4B000 	C:\WINDOWS\system32\WSOCK32.dll
0x71A20000 - 0x71A37000 	C:\WINDOWS\system32\WS2_32.dll
0x71A10000 - 0x71A18000 	C:\WINDOWS\system32\WS2HELP.dll
0x0FFF0000 - 0x0FFF9000 	D:\MATLAB6p5\bin\win32\nativejmi.dll
0x76D70000 - 0x76D92000 	C:\WINDOWS\system32\appHelp.dll
0x76FA0000 - 0x7701F000 	C:\WINDOWS\system32\CLBCATQ.DLL
0x77020000 - 0x770BA000 	C:\WINDOWS\system32\COMRes.dll
0x76590000 - 0x765DE000 	C:\WINDOWS\System32\cscui.dll
0x76570000 - 0x7658C000 	C:\WINDOWS\System32\CSCDLL.dll
0x75EF0000 - 0x75FED000 	C:\WINDOWS\system32\browseui.dll
0x76060000 - 0x761B6000 	C:\WINDOWS\system32\SETUPAPI.dll
0x759D0000 - 0x75A7E000 	C:\WINDOWS\system32\USERENV.dll
0x76960000 - 0x76984000 	C:\WINDOWS\system32\ntshrui.dll
0x76AF0000 - 0x76B01000 	C:\WINDOWS\system32\ATL.DLL
0x76370000 - 0x764DF000 	C:\WINDOWS\system32\shdocvw.dll
0x765E0000 - 0x76672000 	C:\WINDOWS\system32\CRYPT32.dll
0x76DB0000 - 0x76DC2000 	C:\WINDOWS\system32\MSASN1.dll
0x75430000 - 0x754A1000 	C:\WINDOWS\system32\CRYPTUI.dll
0x76C00000 - 0x76C2E000 	C:\WINDOWS\system32\WINTRUST.dll
0x76680000 - 0x76722000 	C:\WINDOWS\system32\WININET.dll
0x76F30000 - 0x76F5C000 	C:\WINDOWS\system32\WLDAP32.dll
0x71A90000 - 0x71AA2000 	C:\WINDOWS\system32\MPR.dll
0x75ED0000 - 0x75ED7000 	C:\WINDOWS\System32\drprov.dll
0x71B90000 - 0x71B9E000 	C:\WINDOWS\System32\ntlanman.dll
0x71C50000 - 0x71C65000 	C:\WINDOWS\System32\NETUI0.dll
0x71C10000 - 0x71C50000 	C:\WINDOWS\System32\NETUI1.dll
0x71C00000 - 0x71C07000 	C:\WINDOWS\System32\NETRAP.dll
0x71B70000 - 0x71B83000 	C:\WINDOWS\System32\SAMLIB.dll
0x75EE0000 - 0x75EE9000 	C:\WINDOWS\System32\davclnt.dll
0x10610000 - 0x10668000 	C:\WINDOWS\system32\PortableDeviceApi.dll
0x4A410000 - 0x4A468000 	C:\WINDOWS\system32\WINHTTP.dll
0x758D0000 - 0x759C0000 	C:\WINDOWS\system32\MSGINA.dll
0x762D0000 - 0x762E0000 	C:\WINDOWS\system32\WINSTA.dll
0x73540000 - 0x7357D000 	C:\WINDOWS\system32\ODBC32.dll
0x108E0000 - 0x108F7000 	C:\WINDOWS\system32\odbcint.dll
0x77FC0000 - 0x77FD1000 	C:\WINDOWS\system32\Secur32.dll
0x68D60000 - 0x68E01000 	C:\WINDOWS\system32\DBGHELP.dll
0x76BC0000 - 0x76BCB000 	C:\WINDOWS\system32\PSAPI.DLL

Local Time = Tue Dec 26 20:15:37 2006
Elapsed Time = 1243
#
# The exception above was detected in native code outside the VM
#
# Java VM: Java HotSpot(TM) Client VM (1.3.1_01 mixed mode)
#
